WARNING:py.warnings:/Users/wooseongkyun/miniforge3/lib/python3.9/site-packages/xgboost/compat.py:36: FutureWarning:

pandas.Int64Index is deprecated and will be removed from pandas in a future version. Use pandas.Index with the appropriate dtype instead.


WARNING:py.warnings:/Users/wooseongkyun/miniforge3/lib/python3.9/site-packages/statsmodels/graphics/tsaplots.py:348: FutureWarning:

The default method 'yw' can produce PACF values outside of the [-1,1] interval. After 0.13, the default will change tounadjusted Yule-Walker ('ywm'). You can use this method now by setting method='ywm'.


WARNING:py.warnings:/Users/wooseongkyun/miniforge3/lib/python3.9/site-packages/statsmodels/graphics/tsaplots.py:348: FutureWarning:

The default method 'yw' can produce PACF values outside of the [-1,1] interval. After 0.13, the default will change tounadjusted Yule-Walker ('ywm'). You can use this method now by setting method='ywm'.


WARNING:py.warnings:/Users/wooseongkyun/miniforge3/lib/python3.9/site-packages/statsmodels/graphics/tsaplots.py:348: FutureWarning:

The default method 'yw' can produce PACF values outside of the [-1,1] interval. After 0.13, the default will change tounadjusted Yule-Walker ('ywm'). You can use this method now by setting method='ywm'.


WARNING:py.warnings:/Users/wooseongkyun/miniforge3/lib/python3.9/site-packages/xgboost/compat.py:36: FutureWarning: pandas.Int64Index is deprecated and will be removed from pandas in a future version. Use pandas.Index with the appropriate dtype instead.
  from pandas import MultiIndex, Int64Index

WARNING:py.warnings:/var/folders/m9/0vsmjxhd7q30k5mzw0bk58hh0000gn/T/ipykernel_44369/2768964970.py:3: SettingWithCopyWarning:


A value is trying to be set on a copy of a slice from a DataFrame

See the caveats in the documentation: https://pandas.pydata.org/pandas-docs/stable/user_guide/indexing.html#returning-a-view-versus-a-copy


WARNING:py.warnings:/var/folders/m9/0vsmjxhd7q30k5mzw0bk58hh0000gn/T/ipykernel_44369/2768964970.py:3: SettingWithCopyWarning:


A value is trying to be set on a copy of a slice from a DataFrame

See the caveats in the documentation: https://pandas.pydata.org/pandas-docs/stable/user_guide/indexing.html#returning-a-view-versus-a-copy


WARNING:py.warnings:/var/folders/m9/0vsmjxhd7q30k5mzw0bk58hh0000gn/T/ipykernel_44369/3427022080.py:3: SettingWithCopyWarning:


A value is trying to be set on a copy of a slice from a DataFrame

See the caveats in the documentation: https://pandas.pydata.org/pandas-docs/stable/user_guide/indexing.html#returning-a-view-versus-a-copy


WARNING:py.warnings:/var/folders/m9/0vsmjxhd7q30k5mzw0bk58hh0000gn/T/ipykernel_44369/2768964970.py:3: SettingWithCopyWarning:


A value is trying to be set on a copy of a slice from a DataFrame

See the caveats in the documentation: https://pandas.pydata.org/pandas-docs/stable/user_guide/indexing.html#returning-a-view-versus-a-copy


WARNING:py.warnings:/var/folders/m9/0vsmjxhd7q30k5mzw0bk58hh0000gn/T/ipykernel_44369/3427022080.py:3: SettingWithCopyWarning:


A value is trying to be set on a copy of a slice from a DataFrame

See the caveats in the documentation: https://pandas.pydata.org/pandas-docs/stable/user_guide/indexing.html#returning-a-view-versus-a-copy


WARNING:py.warnings:/Users/wooseongkyun/miniforge3/lib/python3.9/site-packages/xgboost/compat.py:36: FutureWarning: pandas.Int64Index is deprecated and will be removed from pandas in a future version. Use pandas.Index with the appropriate dtype instead.
  from pandas import MultiIndex, Int64Index

WARNING:py.warnings:/Users/wooseongkyun/miniforge3/lib/python3.9/site-packages/xgboost/compat.py:36: FutureWarning: pandas.Int64Index is deprecated and will be removed from pandas in a future version. Use pandas.Index with the appropriate dtype instead.
  from pandas import MultiIndex, Int64Index

WARNING:py.warnings:/var/folders/m9/0vsmjxhd7q30k5mzw0bk58hh0000gn/T/ipykernel_62923/3427022080.py:3: SettingWithCopyWarning:


A value is trying to be set on a copy of a slice from a DataFrame

See the caveats in the documentation: https://pandas.pydata.org/pandas-docs/stable/user_guide/indexing.html#returning-a-view-versus-a-copy


WARNING:py.warnings:/var/folders/m9/0vsmjxhd7q30k5mzw0bk58hh0000gn/T/ipykernel_62923/3427022080.py:3: SettingWithCopyWarning:


A value is trying to be set on a copy of a slice from a DataFrame

See the caveats in the documentation: https://pandas.pydata.org/pandas-docs/stable/user_guide/indexing.html#returning-a-view-versus-a-copy


WARNING:py.warnings:/Users/wooseongkyun/miniforge3/lib/python3.9/site-packages/xgboost/compat.py:36: FutureWarning: pandas.Int64Index is deprecated and will be removed from pandas in a future version. Use pandas.Index with the appropriate dtype instead.
  from pandas import MultiIndex, Int64Index

WARNING:py.warnings:/var/folders/m9/0vsmjxhd7q30k5mzw0bk58hh0000gn/T/ipykernel_62923/3427022080.py:3: SettingWithCopyWarning:


A value is trying to be set on a copy of a slice from a DataFrame

See the caveats in the documentation: https://pandas.pydata.org/pandas-docs/stable/user_guide/indexing.html#returning-a-view-versus-a-copy


WARNING:matplotlib.legend:No artists with labels found to put in legend.  Note that artists whose label start with an underscore are ignored when legend() is called with no argument.
WARNING:matplotlib.legend:No artists with labels found to put in legend.  Note that artists whose label start with an underscore are ignored when legend() is called with no argument.
WARNING:matplotlib.legend:No artists with labels found to put in legend.  Note that artists whose label start with an underscore are ignored when legend() is called with no argument.
WARNING:matplotlib.legend:No artists with labels found to put in legend.  Note that artists whose label start with an underscore are ignored when legend() is called with no argument.
WARNING:matplotlib.legend:No artists with labels found to put in legend.  Note that artists whose label start with an underscore are ignored when legend() is called with no argument.
WARNING:matplotlib.legend:No artists with labels found to put in legend.  Note that artists whose label start with an underscore are ignored when legend() is called with no argument.
WARNING:matplotlib.legend:No artists with labels found to put in legend.  Note that artists whose label start with an underscore are ignored when legend() is called with no argument.
WARNING:matplotlib.legend:No artists with labels found to put in legend.  Note that artists whose label start with an underscore are ignored when legend() is called with no argument.
WARNING:py.warnings:/Users/wooseongkyun/miniforge3/lib/python3.9/site-packages/xgboost/compat.py:36: FutureWarning: pandas.Int64Index is deprecated and will be removed from pandas in a future version. Use pandas.Index with the appropriate dtype instead.
  from pandas import MultiIndex, Int64Index

WARNING:py.warnings:/var/folders/m9/0vsmjxhd7q30k5mzw0bk58hh0000gn/T/ipykernel_74164/3427022080.py:3: SettingWithCopyWarning:


A value is trying to be set on a copy of a slice from a DataFrame

See the caveats in the documentation: https://pandas.pydata.org/pandas-docs/stable/user_guide/indexing.html#returning-a-view-versus-a-copy


WARNING:matplotlib.legend:No artists with labels found to put in legend.  Note that artists whose label start with an underscore are ignored when legend() is called with no argument.
WARNING:py.warnings:/var/folders/m9/0vsmjxhd7q30k5mzw0bk58hh0000gn/T/ipykernel_74164/3427022080.py:3: SettingWithCopyWarning:


A value is trying to be set on a copy of a slice from a DataFrame

See the caveats in the documentation: https://pandas.pydata.org/pandas-docs/stable/user_guide/indexing.html#returning-a-view-versus-a-copy


WARNING:matplotlib.legend:No artists with labels found to put in legend.  Note that artists whose label start with an underscore are ignored when legend() is called with no argument.
WARNING:py.warnings:/var/folders/m9/0vsmjxhd7q30k5mzw0bk58hh0000gn/T/ipykernel_74164/3427022080.py:3: SettingWithCopyWarning:


A value is trying to be set on a copy of a slice from a DataFrame

See the caveats in the documentation: https://pandas.pydata.org/pandas-docs/stable/user_guide/indexing.html#returning-a-view-versus-a-copy


WARNING:matplotlib.legend:No artists with labels found to put in legend.  Note that artists whose label start with an underscore are ignored when legend() is called with no argument.
WARNING:py.warnings:/var/folders/m9/0vsmjxhd7q30k5mzw0bk58hh0000gn/T/ipykernel_74164/3427022080.py:3: SettingWithCopyWarning:


A value is trying to be set on a copy of a slice from a DataFrame

See the caveats in the documentation: https://pandas.pydata.org/pandas-docs/stable/user_guide/indexing.html#returning-a-view-versus-a-copy


WARNING:matplotlib.legend:No artists with labels found to put in legend.  Note that artists whose label start with an underscore are ignored when legend() is called with no argument.
WARNING:py.warnings:/var/folders/m9/0vsmjxhd7q30k5mzw0bk58hh0000gn/T/ipykernel_74164/3427022080.py:3: SettingWithCopyWarning:


A value is trying to be set on a copy of a slice from a DataFrame

See the caveats in the documentation: https://pandas.pydata.org/pandas-docs/stable/user_guide/indexing.html#returning-a-view-versus-a-copy


WARNING:matplotlib.legend:No artists with labels found to put in legend.  Note that artists whose label start with an underscore are ignored when legend() is called with no argument.
